Attaching to cloudlab-client-1, cloudlab-mongodb-1, cloudlab-mysql-1, cloudlab-redis-1
cloudlab-redis-1    | 1:C 16 Nov 2023 03:06:13.648 * oO0OoO0OoO0Oo Redis is starting oO0OoO0OoO0Oo
cloudlab-redis-1    | 1:C 16 Nov 2023 03:06:13.648 * Redis version=7.2.2, bits=64, commit=00000000, modified=0, pid=1, just started
cloudlab-redis-1    | 1:C 16 Nov 2023 03:06:13.648 # Warning: no config file specified, using the default config. In order to specify a config file use redis-server /path/to/redis.conf
cloudlab-redis-1    | 1:M 16 Nov 2023 03:06:13.648 * monotonic clock: POSIX clock_gettime
cloudlab-redis-1    |                 _._                                                  
cloudlab-redis-1    |            _.-``__ ''-._                                             
cloudlab-redis-1    |       _.-``    `.  `_.  ''-._           Redis 7.2.2 (00000000/0) 64 bit
cloudlab-redis-1    |   .-`` .-```.  ```\/    _.,_ ''-._                                  
cloudlab-redis-1    |  (    '      ,       .-`  | `,    )     Running in standalone mode
cloudlab-redis-1    |  |`-._`-...-` __...-.``-._|'` _.-'|     Port: 6379
cloudlab-redis-1    |  |    `-._   `._    /     _.-'    |     PID: 1
cloudlab-redis-1    |   `-._    `-._  `-./  _.-'    _.-'                                   
cloudlab-redis-1    |  |`-._`-._    `-.__.-'    _.-'_.-'|                                  
cloudlab-redis-1    |  |    `-._`-._        _.-'_.-'    |           https://redis.io       
cloudlab-redis-1    |   `-._    `-._`-.__.-'_.-'    _.-'                                   
cloudlab-redis-1    |  |`-._`-._    `-.__.-'    _.-'_.-'|                                  
cloudlab-redis-1    |  |    `-._`-._        _.-'_.-'    |                                  
cloudlab-redis-1    |   `-._    `-._`-.__.-'_.-'    _.-'                                   
cloudlab-redis-1    |       `-._    `-.__.-'    _.-'                                       
cloudlab-redis-1    |           `-._        _.-'                                           
cloudlab-redis-1    |               `-.__.-'                                               
cloudlab-redis-1    | 
cloudlab-redis-1    | 1:M 16 Nov 2023 03:06:13.650 * Server initialized
cloudlab-redis-1    | 1:M 16 Nov 2023 03:06:13.650 * Ready to accept connections tcp
cloudlab-mysql-1    | 2023-11-16 03:06:13+00:00 [Note] [Entrypoint]: Entrypoint script for MySQL Server 8.2.0-1.el8 started.
cloudlab-mongodb-1  | Warning: File MONGO_INITDB_ROOT_USERNAME_FILE is deprecated. Use MONGODB_INITDB_ROOT_USERNAME_FILE instead.
cloudlab-mongodb-1  | Warning: File MONGO_INITDB_ROOT_PASSWORD_FILE is deprecated. Use MONGODB_INITDB_ROOT_PASSWORD_FILE instead.
cloudlab-mongodb-1  | {"t":{"$date":"2023-11-16T03:06:13.723+00:00"},"s":"I",  "c":"NETWORK",  "id":4915701, "ctx":"-","msg":"Initialized wire specification","attr":{"spec":{"incomingExternalClient":{"minWireVersion":0,"maxWireVersion":17},"incomingInternalClient":{"minWireVersion":0,"maxWireVersion":17},"outgoing":{"minWireVersion":6,"maxWireVersion":17},"isInternalClient":true}}}
cloudlab-mongodb-1  | {"t":{"$date":"2023-11-16T03:06:13.723+00:00"},"s":"I",  "c":"CONTROL",  "id":23285,   "ctx":"-","msg":"Automatically disabling TLS 1.0, to force-enable TLS 1.0 specify --sslDisabledProtocols 'none'"}
cloudlab-mongodb-1  | {"t":{"$date":"2023-11-16T03:06:13.728+00:00"},"s":"I",  "c":"NETWORK",  "id":4648601, "ctx":"main","msg":"Implicit TCP FastOpen unavailable. If TCP FastOpen is required, set tcpFastOpenServer, tcpFastOpenClient, and tcpFastOpenQueueSize."}
cloudlab-mongodb-1  | {"t":{"$date":"2023-11-16T03:06:13.734+00:00"},"s":"I",  "c":"REPL",     "id":5123008, "ctx":"main","msg":"Successfully registered PrimaryOnlyService","attr":{"service":"TenantMigrationDonorService","namespace":"config.tenantMigrationDonors"}}
cloudlab-mongodb-1  | {"t":{"$date":"2023-11-16T03:06:13.734+00:00"},"s":"I",  "c":"REPL",     "id":5123008, "ctx":"main","msg":"Successfully registered PrimaryOnlyService","attr":{"service":"TenantMigrationRecipientService","namespace":"config.tenantMigrationRecipients"}}
cloudlab-mongodb-1  | {"t":{"$date":"2023-11-16T03:06:13.734+00:00"},"s":"I",  "c":"REPL",     "id":5123008, "ctx":"main","msg":"Successfully registered PrimaryOnlyService","attr":{"service":"ShardSplitDonorService","namespace":"config.tenantSplitDonors"}}
cloudlab-mongodb-1  | {"t":{"$date":"2023-11-16T03:06:13.735+00:00"},"s":"I",  "c":"CONTROL",  "id":5945603, "ctx":"main","msg":"Multi threading initialized"}
cloudlab-mongodb-1  | {"t":{"$date":"2023-11-16T03:06:13.736+00:00"},"s":"I",  "c":"CONTROL",  "id":4615611, "ctx":"initandlisten","msg":"MongoDB starting","attr":{"pid":10,"port":27017,"dbPath":"/data/db","architecture":"64-bit","host":"mongodb"}}
cloudlab-mongodb-1  | {"t":{"$date":"2023-11-16T03:06:13.736+00:00"},"s":"I",  "c":"CONTROL",  "id":23403,   "ctx":"initandlisten","msg":"Build Info","attr":{"buildInfo":{"version":"6.0.11","gitVersion":"f797f841eaf1759c770271ae00c88b92b2766eed","openSSLVersion":"OpenSSL 1.1.1k  FIPS 25 Mar 2021","modules":[],"allocator":"tcmalloc","environment":{"distmod":"rhel82","distarch":"aarch64","target_arch":"aarch64"}}}}
cloudlab-mongodb-1  | {"t":{"$date":"2023-11-16T03:06:13.736+00:00"},"s":"I",  "c":"CONTROL",  "id":51765,   "ctx":"initandlisten","msg":"Operating System","attr":{"os":{"name":"Red Hat Enterprise Linux release 8.9 (Ootpa)","version":"Kernel 5.10.76-linuxkit"}}}
cloudlab-mongodb-1  | {"t":{"$date":"2023-11-16T03:06:13.737+00:00"},"s":"I",  "c":"CONTROL",  "id":21951,   "ctx":"initandlisten","msg":"Options set by command line","attr":{"options":{"net":{"bindIp":"*"}}}}
cloudlab-mongodb-1  | {"t":{"$date":"2023-11-16T03:06:13.739+00:00"},"s":"I",  "c":"STORAGE",  "id":22297,   "ctx":"initandlisten","msg":"Using the XFS filesystem is strongly recommended with the WiredTiger storage engine. See http://dochub.mongodb.org/core/prodnotes-filesystem","tags":["startupWarnings"]}
cloudlab-mongodb-1  | {"t":{"$date":"2023-11-16T03:06:13.739+00:00"},"s":"I",  "c":"STORAGE",  "id":22315,   "ctx":"initandlisten","msg":"Opening WiredTiger","attr":{"config":"create,cache_size=2457M,session_max=33000,eviction=(threads_min=4,threads_max=4),config_base=false,statistics=(fast),log=(enabled=true,remove=true,path=journal,compressor=snappy),builtin_extension_config=(zstd=(compression_level=6)),file_manager=(close_idle_time=600,close_scan_interval=10,close_handle_minimum=2000),statistics_log=(wait=0),json_output=(error,message),verbose=[recovery_progress:1,checkpoint_progress:1,compact_progress:1,backup:0,checkpoint:0,compact:0,evict:0,history_store:0,recovery:0,rts:0,salvage:0,tiered:0,timestamp:0,transaction:0,verify:0,log:0],"}}
cloudlab-mysql-1    | 2023-11-16 03:06:13+00:00 [Note] [Entrypoint]: Switching to dedicated user 'mysql'
cloudlab-mysql-1    | 2023-11-16 03:06:13+00:00 [Note] [Entrypoint]: Entrypoint script for MySQL Server 8.2.0-1.el8 started.
cloudlab-mysql-1    | 2023-11-16 03:06:13+00:00 [Note] [Entrypoint]: Initializing database files
cloudlab-mysql-1    | 2023-11-16T03:06:13.993201Z 0 [System] [MY-015017] [Server] MySQL Server Initialization - start.
cloudlab-mysql-1    | 2023-11-16T03:06:13.994142Z 0 [Warning] [MY-011068] [Server] The syntax '--skip-host-cache' is deprecated and will be removed in a future release. Please use SET GLOBAL host_cache_size=0 instead.
cloudlab-mysql-1    | 2023-11-16T03:06:13.994223Z 0 [System] [MY-013169] [Server] /usr/sbin/mysqld (mysqld 8.2.0) initializing of server in progress as process 80
cloudlab-mysql-1    | 2023-11-16T03:06:13.999796Z 1 [System] [MY-013576] [InnoDB] InnoDB initialization has started.
cloudlab-mysql-1    | 2023-11-16T03:06:14.299592Z 1 [System] [MY-013577] [InnoDB] InnoDB initialization has ended.
cloudlab-mongodb-1  | {"t":{"$date":"2023-11-16T03:06:14.502+00:00"},"s":"I",  "c":"STORAGE",  "id":4795906, "ctx":"initandlisten","msg":"WiredTiger opened","attr":{"durationMillis":763}}
cloudlab-mongodb-1  | {"t":{"$date":"2023-11-16T03:06:14.502+00:00"},"s":"I",  "c":"RECOVERY", "id":23987,   "ctx":"initandlisten","msg":"WiredTiger recoveryTimestamp","attr":{"recoveryTimestamp":{"$timestamp":{"t":0,"i":0}}}}
cloudlab-mongodb-1  | {"t":{"$date":"2023-11-16T03:06:14.520+00:00"},"s":"W",  "c":"CONTROL",  "id":22120,   "ctx":"initandlisten","msg":"Access control is not enabled for the database. Read and write access to data and configuration is unrestricted","tags":["startupWarnings"]}
cloudlab-mongodb-1  | {"t":{"$date":"2023-11-16T03:06:14.520+00:00"},"s":"W",  "c":"CONTROL",  "id":5123300, "ctx":"initandlisten","msg":"vm.max_map_count is too low","attr":{"currentValue":262144,"recommendedMinimum":1677720,"maxConns":838860},"tags":["startupWarnings"]}
cloudlab-mongodb-1  | {"t":{"$date":"2023-11-16T03:06:14.521+00:00"},"s":"I",  "c":"STORAGE",  "id":20320,   "ctx":"initandlisten","msg":"createCollection","attr":{"namespace":"admin.system.version","uuidDisposition":"provided","uuid":{"uuid":{"$uuid":"7928fc44-1dc8-4bec-ae99-021fe32c39c3"}},"options":{"uuid":{"$uuid":"7928fc44-1dc8-4bec-ae99-021fe32c39c3"}}}}
cloudlab-mongodb-1  | {"t":{"$date":"2023-11-16T03:06:14.532+00:00"},"s":"I",  "c":"INDEX",    "id":20345,   "ctx":"initandlisten","msg":"Index build: done building","attr":{"buildUUID":null,"collectionUUID":{"uuid":{"$uuid":"7928fc44-1dc8-4bec-ae99-021fe32c39c3"}},"namespace":"admin.system.version","index":"_id_","ident":"index-1--8083902589543568878","collectionIdent":"collection-0--8083902589543568878","commitTimestamp":null}}
cloudlab-mongodb-1  | {"t":{"$date":"2023-11-16T03:06:14.532+00:00"},"s":"I",  "c":"REPL",     "id":20459,   "ctx":"initandlisten","msg":"Setting featureCompatibilityVersion","attr":{"newVersion":"6.0"}}
cloudlab-mongodb-1  | {"t":{"$date":"2023-11-16T03:06:14.532+00:00"},"s":"I",  "c":"REPL",     "id":5853300, "ctx":"initandlisten","msg":"current featureCompatibilityVersion value","attr":{"featureCompatibilityVersion":"6.0","context":"setFCV"}}
cloudlab-mongodb-1  | {"t":{"$date":"2023-11-16T03:06:14.532+00:00"},"s":"I",  "c":"NETWORK",  "id":4915702, "ctx":"initandlisten","msg":"Updated wire specification","attr":{"oldSpec":{"incomingExternalClient":{"minWireVersion":0,"maxWireVersion":17},"incomingInternalClient":{"minWireVersion":0,"maxWireVersion":17},"outgoing":{"minWireVersion":6,"maxWireVersion":17},"isInternalClient":true},"newSpec":{"incomingExternalClient":{"minWireVersion":0,"maxWireVersion":17},"incomingInternalClient":{"minWireVersion":17,"maxWireVersion":17},"outgoing":{"minWireVersion":17,"maxWireVersion":17},"isInternalClient":true}}}
cloudlab-mongodb-1  | {"t":{"$date":"2023-11-16T03:06:14.533+00:00"},"s":"I",  "c":"NETWORK",  "id":4915702, "ctx":"initandlisten","msg":"Updated wire specification","attr":{"oldSpec":{"incomingExternalClient":{"minWireVersion":0,"maxWireVersion":17},"incomingInternalClient":{"minWireVersion":17,"maxWireVersion":17},"outgoing":{"minWireVersion":17,"maxWireVersion":17},"isInternalClient":true},"newSpec":{"incomingExternalClient":{"minWireVersion":0,"maxWireVersion":17},"incomingInternalClient":{"minWireVersion":17,"maxWireVersion":17},"outgoing":{"minWireVersion":17,"maxWireVersion":17},"isInternalClient":true}}}
cloudlab-mongodb-1  | {"t":{"$date":"2023-11-16T03:06:14.533+00:00"},"s":"I",  "c":"REPL",     "id":5853300, "ctx":"initandlisten","msg":"current featureCompatibilityVersion value","attr":{"featureCompatibilityVersion":"6.0","context":"startup"}}
cloudlab-mongodb-1  | {"t":{"$date":"2023-11-16T03:06:14.533+00:00"},"s":"I",  "c":"STORAGE",  "id":5071100, "ctx":"initandlisten","msg":"Clearing temp directory"}
cloudlab-mongodb-1  | {"t":{"$date":"2023-11-16T03:06:14.533+00:00"},"s":"I",  "c":"CONTROL",  "id":20536,   "ctx":"initandlisten","msg":"Flow Control is enabled on this deployment"}
cloudlab-mongodb-1  | {"t":{"$date":"2023-11-16T03:06:14.534+00:00"},"s":"I",  "c":"FTDC",     "id":20625,   "ctx":"initandlisten","msg":"Initializing full-time diagnostic data capture","attr":{"dataDirectory":"/data/db/diagnostic.data"}}
cloudlab-mongodb-1  | {"t":{"$date":"2023-11-16T03:06:14.537+00:00"},"s":"I",  "c":"STORAGE",  "id":20320,   "ctx":"initandlisten","msg":"createCollection","attr":{"namespace":"local.startup_log","uuidDisposition":"generated","uuid":{"uuid":{"$uuid":"de3252dc-effd-4cbb-a351-a803c00ed0ba"}},"options":{"capped":true,"size":10485760}}}
cloudlab-mongodb-1  | {"t":{"$date":"2023-11-16T03:06:14.548+00:00"},"s":"I",  "c":"INDEX",    "id":20345,   "ctx":"initandlisten","msg":"Index build: done building","attr":{"buildUUID":null,"collectionUUID":{"uuid":{"$uuid":"de3252dc-effd-4cbb-a351-a803c00ed0ba"}},"namespace":"local.startup_log","index":"_id_","ident":"index-3--8083902589543568878","collectionIdent":"collection-2--8083902589543568878","commitTimestamp":null}}
cloudlab-mongodb-1  | {"t":{"$date":"2023-11-16T03:06:14.548+00:00"},"s":"I",  "c":"REPL",     "id":6015317, "ctx":"initandlisten","msg":"Setting new configuration state","attr":{"newState":"ConfigReplicationDisabled","oldState":"ConfigPreStart"}}
cloudlab-mongodb-1  | {"t":{"$date":"2023-11-16T03:06:14.548+00:00"},"s":"I",  "c":"STORAGE",  "id":22262,   "ctx":"initandlisten","msg":"Timestamp monitor starting"}
cloudlab-mongodb-1  | {"t":{"$date":"2023-11-16T03:06:14.550+00:00"},"s":"I",  "c":"NETWORK",  "id":23015,   "ctx":"listener","msg":"Listening on","attr":{"address":"/tmp/mongodb-27017.sock"}}
cloudlab-mongodb-1  | {"t":{"$date":"2023-11-16T03:06:14.550+00:00"},"s":"I",  "c":"NETWORK",  "id":23015,   "ctx":"listener","msg":"Listening on","attr":{"address":"0.0.0.0"}}
cloudlab-mongodb-1  | {"t":{"$date":"2023-11-16T03:06:14.550+00:00"},"s":"I",  "c":"NETWORK",  "id":23016,   "ctx":"listener","msg":"Waiting for connections","attr":{"port":27017,"ssl":"off"}}
cloudlab-mongodb-1  | {"t":{"$date":"2023-11-16T03:06:14.550+00:00"},"s":"I",  "c":"STORAGE",  "id":20320,   "ctx":"LogicalSessionCacheRefresh","msg":"createCollection","attr":{"namespace":"config.system.sessions","uuidDisposition":"generated","uuid":{"uuid":{"$uuid":"fb48afaa-77a5-4fc5-8394-26fca38420ff"}},"options":{}}}
cloudlab-mongodb-1  | {"t":{"$date":"2023-11-16T03:06:14.551+00:00"},"s":"I",  "c":"CONTROL",  "id":20712,   "ctx":"LogicalSessionCacheReap","msg":"Sessions collection is not set up; waiting until next sessions reap interval","attr":{"error":"NamespaceNotFound: config.system.sessions does not exist"}}
cloudlab-mongodb-1  | {"t":{"$date":"2023-11-16T03:06:14.562+00:00"},"s":"I",  "c":"INDEX",    "id":20345,   "ctx":"LogicalSessionCacheRefresh","msg":"Index build: done building","attr":{"buildUUID":null,"collectionUUID":{"uuid":{"$uuid":"fb48afaa-77a5-4fc5-8394-26fca38420ff"}},"namespace":"config.system.sessions","index":"_id_","ident":"index-5--8083902589543568878","collectionIdent":"collection-4--8083902589543568878","commitTimestamp":null}}
cloudlab-mongodb-1  | {"t":{"$date":"2023-11-16T03:06:14.562+00:00"},"s":"I",  "c":"INDEX",    "id":20345,   "ctx":"LogicalSessionCacheRefresh","msg":"Index build: done building","attr":{"buildUUID":null,"collectionUUID":{"uuid":{"$uuid":"fb48afaa-77a5-4fc5-8394-26fca38420ff"}},"namespace":"config.system.sessions","index":"lsidTTLIndex","ident":"index-6--8083902589543568878","collectionIdent":"collection-4--8083902589543568878","commitTimestamp":null}}
cloudlab-mysql-1    | 2023-11-16T03:06:15.066523Z 6 [Warning] [MY-010453] [Server] root@localhost is created with an empty password ! Please consider switching off the --initialize-insecure option.
cloudlab-mysql-1    | 2023-11-16T03:06:17.358299Z 0 [System] [MY-015018] [Server] MySQL Server Initialization - end.
cloudlab-mysql-1    | 2023-11-16 03:06:17+00:00 [Note] [Entrypoint]: Database files initialized
cloudlab-mysql-1    | 2023-11-16 03:06:17+00:00 [Note] [Entrypoint]: Starting temporary server
cloudlab-mysql-1    | mysqld will log errors to /var/lib/mysql/mysql.err
cloudlab-mysql-1    | mysqld is running as pid 126
cloudlab-mysql-1    | 2023-11-16T03:06:17.819212Z 0 [System] [MY-015016] [Server] MySQL Server - end.
cloudlab-mysql-1    | 2023-11-16 03:06:17+00:00 [Note] [Entrypoint]: Temporary server started.
cloudlab-mysql-1    | '/var/lib/mysql/mysql.sock' -> '/var/run/mysqld/mysqld.sock'
cloudlab-mysql-1    | Warning: Unable to load '/usr/share/zoneinfo/iso3166.tab' as time zone. Skipping it.
cloudlab-mysql-1    | Warning: Unable to load '/usr/share/zoneinfo/leap-seconds.list' as time zone. Skipping it.
cloudlab-mysql-1    | Warning: Unable to load '/usr/share/zoneinfo/leapseconds' as time zone. Skipping it.
cloudlab-mysql-1    | Warning: Unable to load '/usr/share/zoneinfo/tzdata.zi' as time zone. Skipping it.
cloudlab-mysql-1    | Warning: Unable to load '/usr/share/zoneinfo/zone.tab' as time zone. Skipping it.
cloudlab-mysql-1    | Warning: Unable to load '/usr/share/zoneinfo/zone1970.tab' as time zone. Skipping it.
cloudlab-mysql-1    | 
cloudlab-mysql-1    | 2023-11-16 03:06:19+00:00 [Note] [Entrypoint]: Stopping temporary server
cloudlab-mysql-1    | 2023-11-16 03:06:20+00:00 [Note] [Entrypoint]: Temporary server stopped
cloudlab-mysql-1    | 
cloudlab-mysql-1    | 2023-11-16 03:06:20+00:00 [Note] [Entrypoint]: MySQL init process done. Ready for start up.
cloudlab-mysql-1    | 
cloudlab-mysql-1    | 2023-11-16T03:06:20.628755Z 0 [System] [MY-015015] [Server] MySQL Server - start.
cloudlab-mysql-1    | 2023-11-16T03:06:20.792520Z 0 [Warning] [MY-011068] [Server] The syntax '--skip-host-cache' is deprecated and will be removed in a future release. Please use SET GLOBAL host_cache_size=0 instead.
cloudlab-mysql-1    | 2023-11-16T03:06:20.793167Z 0 [System] [MY-010116] [Server] /usr/sbin/mysqld (mysqld 8.2.0) starting as process 1
cloudlab-mysql-1    | 2023-11-16T03:06:20.797245Z 1 [System] [MY-013576] [InnoDB] InnoDB initialization has started.
cloudlab-mysql-1    | 2023-11-16T03:06:20.864268Z 1 [System] [MY-013577] [InnoDB] InnoDB initialization has ended.
cloudlab-mysql-1    | 2023-11-16T03:06:20.963773Z 0 [Warning] [MY-010068] [Server] CA certificate ca.pem is self signed.
cloudlab-mysql-1    | 2023-11-16T03:06:20.963830Z 0 [System] [MY-013602] [Server] Channel mysql_main configured to support TLS. Encrypted connections are now supported for this channel.
cloudlab-mysql-1    | 2023-11-16T03:06:20.965593Z 0 [Warning] [MY-011810] [Server] Insecure configuration for --pid-file: Location '/var/run/mysqld' in the path is accessible to all OS users. Consider choosing a different directory.
cloudlab-mysql-1    | 2023-11-16T03:06:20.975430Z 0 [System] [MY-011323] [Server] X Plugin ready for connections. Bind-address: '::' port: 33060, socket: /var/run/mysqld/mysqlx.sock
cloudlab-mysql-1    | 2023-11-16T03:06:20.975606Z 0 [System] [MY-010931] [Server] /usr/sbin/mysqld: ready for connections. Version: '8.2.0'  socket: '/var/run/mysqld/mysqld.sock'  port: 3306  MySQL Community Server - GPL.
cloudlab-redis-1    | 1:signal-handler (1700104028) Received SIGTERM scheduling shutdown...
cloudlab-mysql-1    | 2023-11-16T03:07:08.570994Z 0 [System] [MY-013172] [Server] Received SHUTDOWN from user <via user signal>. Shutting down mysqld (Version: 8.2.0).
cloudlab-redis-1    | 1:M 16 Nov 2023 03:07:08.635 * User requested shutdown...
cloudlab-redis-1    | 1:M 16 Nov 2023 03:07:08.635 * Saving the final RDB snapshot before exiting.
cloudlab-redis-1    | 1:M 16 Nov 2023 03:07:08.917 * DB saved on disk
cloudlab-redis-1    | 1:M 16 Nov 2023 03:07:08.917 # Redis is now ready to exit, bye bye...
cloudlab-redis-1 exited with code 0
cloudlab-mysql-1    | 2023-11-16T03:07:09.540112Z 0 [System] [MY-010910] [Server] /usr/sbin/mysqld: Shutdown complete (mysqld 8.2.0)  MySQL Community Server - GPL.
cloudlab-mysql-1    | 2023-11-16T03:07:09.550397Z 0 [System] [MY-015016] [Server] MySQL Server - end.
cloudlab-mysql-1 exited with code 0
cloudlab-mongodb-1  | {"t":{"$date":"2023-11-16T03:07:18.654+00:00"},"s":"I",  "c":"CONTROL",  "id":23377,   "ctx":"SignalHandler","msg":"Received signal","attr":{"signal":1,"error":"Hangup"}}
cloudlab-client-1 exited with code 137
cloudlab-mongodb-1 exited with code 137
