Attaching to cloudlab-client-1, cloudlab-mongodb-1, cloudlab-mysql-1, cloudlab-redis-1
cloudlab-mysql-1    | 2023-11-15 22:35:04+00:00 [Note] [Entrypoint]: Entrypoint script for MySQL Server 8.2.0-1.el8 started.
cloudlab-redis-1    | 1:C 15 Nov 2023 22:35:04.290 * oO0OoO0OoO0Oo Redis is starting oO0OoO0OoO0Oo
cloudlab-redis-1    | 1:C 15 Nov 2023 22:35:04.290 * Redis version=7.2.2, bits=64, commit=00000000, modified=0, pid=1, just started
cloudlab-redis-1    | 1:C 15 Nov 2023 22:35:04.290 # Warning: no config file specified, using the default config. In order to specify a config file use redis-server /path/to/redis.conf
cloudlab-redis-1    | 1:M 15 Nov 2023 22:35:04.290 * monotonic clock: POSIX clock_gettime
cloudlab-redis-1    |                 _._                                                  
cloudlab-redis-1    |            _.-``__ ''-._                                             
cloudlab-redis-1    |       _.-``    `.  `_.  ''-._           Redis 7.2.2 (00000000/0) 64 bit
cloudlab-redis-1    |   .-`` .-```.  ```\/    _.,_ ''-._                                  
cloudlab-redis-1    |  (    '      ,       .-`  | `,    )     Running in standalone mode
cloudlab-redis-1    |  |`-._`-...-` __...-.``-._|'` _.-'|     Port: 6379
cloudlab-redis-1    |  |    `-._   `._    /     _.-'    |     PID: 1
cloudlab-redis-1    |   `-._    `-._  `-./  _.-'    _.-'                                   
cloudlab-redis-1    |  |`-._`-._    `-.__.-'    _.-'_.-'|                                  
cloudlab-redis-1    |  |    `-._`-._        _.-'_.-'    |           https://redis.io       
cloudlab-redis-1    |   `-._    `-._`-.__.-'_.-'    _.-'                                   
cloudlab-redis-1    |  |`-._`-._    `-.__.-'    _.-'_.-'|                                  
cloudlab-redis-1    |  |    `-._`-._        _.-'_.-'    |                                  
cloudlab-redis-1    |   `-._    `-._`-.__.-'_.-'    _.-'                                   
cloudlab-redis-1    |       `-._    `-.__.-'    _.-'                                       
cloudlab-redis-1    |           `-._        _.-'                                           
cloudlab-redis-1    |               `-.__.-'                                               
cloudlab-redis-1    | 
cloudlab-redis-1    | 1:M 15 Nov 2023 22:35:04.291 * Server initialized
cloudlab-redis-1    | 1:M 15 Nov 2023 22:35:04.291 * Ready to accept connections tcp
cloudlab-mongodb-1  | Warning: File MONGO_INITDB_ROOT_USERNAME_FILE is deprecated. Use MONGODB_INITDB_ROOT_USERNAME_FILE instead.
cloudlab-mongodb-1  | Warning: File MONGO_INITDB_ROOT_PASSWORD_FILE is deprecated. Use MONGODB_INITDB_ROOT_PASSWORD_FILE instead.
cloudlab-mongodb-1  | {"t":{"$date":"2023-11-15T22:35:04.354+00:00"},"s":"I",  "c":"CONTROL",  "id":23285,   "ctx":"-","msg":"Automatically disabling TLS 1.0, to force-enable TLS 1.0 specify --sslDisabledProtocols 'none'"}
cloudlab-mongodb-1  | {"t":{"$date":"2023-11-15T22:35:04.354+00:00"},"s":"I",  "c":"NETWORK",  "id":4915701, "ctx":"main","msg":"Initialized wire specification","attr":{"spec":{"incomingExternalClient":{"minWireVersion":0,"maxWireVersion":17},"incomingInternalClient":{"minWireVersion":0,"maxWireVersion":17},"outgoing":{"minWireVersion":6,"maxWireVersion":17},"isInternalClient":true}}}
cloudlab-mongodb-1  | {"t":{"$date":"2023-11-15T22:35:04.355+00:00"},"s":"I",  "c":"NETWORK",  "id":4648601, "ctx":"main","msg":"Implicit TCP FastOpen unavailable. If TCP FastOpen is required, set tcpFastOpenServer, tcpFastOpenClient, and tcpFastOpenQueueSize."}
cloudlab-mongodb-1  | {"t":{"$date":"2023-11-15T22:35:04.356+00:00"},"s":"I",  "c":"REPL",     "id":5123008, "ctx":"main","msg":"Successfully registered PrimaryOnlyService","attr":{"service":"TenantMigrationDonorService","namespace":"config.tenantMigrationDonors"}}
cloudlab-mongodb-1  | {"t":{"$date":"2023-11-15T22:35:04.356+00:00"},"s":"I",  "c":"REPL",     "id":5123008, "ctx":"main","msg":"Successfully registered PrimaryOnlyService","attr":{"service":"TenantMigrationRecipientService","namespace":"config.tenantMigrationRecipients"}}
cloudlab-mongodb-1  | {"t":{"$date":"2023-11-15T22:35:04.356+00:00"},"s":"I",  "c":"REPL",     "id":5123008, "ctx":"main","msg":"Successfully registered PrimaryOnlyService","attr":{"service":"ShardSplitDonorService","namespace":"config.tenantSplitDonors"}}
cloudlab-mongodb-1  | {"t":{"$date":"2023-11-15T22:35:04.356+00:00"},"s":"I",  "c":"CONTROL",  "id":5945603, "ctx":"main","msg":"Multi threading initialized"}
cloudlab-mongodb-1  | {"t":{"$date":"2023-11-15T22:35:04.357+00:00"},"s":"I",  "c":"CONTROL",  "id":4615611, "ctx":"initandlisten","msg":"MongoDB starting","attr":{"pid":9,"port":27017,"dbPath":"/data/db","architecture":"64-bit","host":"mongodb"}}
cloudlab-mongodb-1  | {"t":{"$date":"2023-11-15T22:35:04.357+00:00"},"s":"I",  "c":"CONTROL",  "id":23403,   "ctx":"initandlisten","msg":"Build Info","attr":{"buildInfo":{"version":"6.0.11","gitVersion":"f797f841eaf1759c770271ae00c88b92b2766eed","openSSLVersion":"OpenSSL 1.1.1k  FIPS 25 Mar 2021","modules":[],"allocator":"tcmalloc","environment":{"distmod":"rhel82","distarch":"aarch64","target_arch":"aarch64"}}}}
cloudlab-mongodb-1  | {"t":{"$date":"2023-11-15T22:35:04.357+00:00"},"s":"I",  "c":"CONTROL",  "id":51765,   "ctx":"initandlisten","msg":"Operating System","attr":{"os":{"name":"Red Hat Enterprise Linux release 8.9 (Ootpa)","version":"Kernel 5.10.76-linuxkit"}}}
cloudlab-mongodb-1  | {"t":{"$date":"2023-11-15T22:35:04.357+00:00"},"s":"I",  "c":"CONTROL",  "id":21951,   "ctx":"initandlisten","msg":"Options set by command line","attr":{"options":{"net":{"bindIp":"*"}}}}
cloudlab-mongodb-1  | {"t":{"$date":"2023-11-15T22:35:04.358+00:00"},"s":"I",  "c":"STORAGE",  "id":22297,   "ctx":"initandlisten","msg":"Using the XFS filesystem is strongly recommended with the WiredTiger storage engine. See http://dochub.mongodb.org/core/prodnotes-filesystem","tags":["startupWarnings"]}
cloudlab-mongodb-1  | {"t":{"$date":"2023-11-15T22:35:04.358+00:00"},"s":"I",  "c":"STORAGE",  "id":22315,   "ctx":"initandlisten","msg":"Opening WiredTiger","attr":{"config":"create,cache_size=2457M,session_max=33000,eviction=(threads_min=4,threads_max=4),config_base=false,statistics=(fast),log=(enabled=true,remove=true,path=journal,compressor=snappy),builtin_extension_config=(zstd=(compression_level=6)),file_manager=(close_idle_time=600,close_scan_interval=10,close_handle_minimum=2000),statistics_log=(wait=0),json_output=(error,message),verbose=[recovery_progress:1,checkpoint_progress:1,compact_progress:1,backup:0,checkpoint:0,compact:0,evict:0,history_store:0,recovery:0,rts:0,salvage:0,tiered:0,timestamp:0,transaction:0,verify:0,log:0],"}}
cloudlab-mysql-1    | 2023-11-15 22:35:04+00:00 [Note] [Entrypoint]: Switching to dedicated user 'mysql'
cloudlab-mysql-1    | 2023-11-15 22:35:04+00:00 [Note] [Entrypoint]: Entrypoint script for MySQL Server 8.2.0-1.el8 started.
cloudlab-mysql-1    | 2023-11-15 22:35:04+00:00 [Note] [Entrypoint]: Initializing database files
cloudlab-mysql-1    | 2023-11-15T22:35:04.532312Z 0 [System] [MY-015017] [Server] MySQL Server Initialization - start.
cloudlab-mysql-1    | 2023-11-15T22:35:04.533187Z 0 [Warning] [MY-011068] [Server] The syntax '--skip-host-cache' is deprecated and will be removed in a future release. Please use SET GLOBAL host_cache_size=0 instead.
cloudlab-mysql-1    | 2023-11-15T22:35:04.533337Z 0 [System] [MY-013169] [Server] /usr/sbin/mysqld (mysqld 8.2.0) initializing of server in progress as process 81
cloudlab-mysql-1    | 2023-11-15T22:35:04.538949Z 1 [System] [MY-013576] [InnoDB] InnoDB initialization has started.
cloudlab-mysql-1    | 2023-11-15T22:35:04.841429Z 1 [System] [MY-013577] [InnoDB] InnoDB initialization has ended.
cloudlab-mongodb-1  | {"t":{"$date":"2023-11-15T22:35:05.098+00:00"},"s":"I",  "c":"STORAGE",  "id":4795906, "ctx":"initandlisten","msg":"WiredTiger opened","attr":{"durationMillis":740}}
cloudlab-mongodb-1  | {"t":{"$date":"2023-11-15T22:35:05.098+00:00"},"s":"I",  "c":"RECOVERY", "id":23987,   "ctx":"initandlisten","msg":"WiredTiger recoveryTimestamp","attr":{"recoveryTimestamp":{"$timestamp":{"t":0,"i":0}}}}
cloudlab-mongodb-1  | {"t":{"$date":"2023-11-15T22:35:05.108+00:00"},"s":"W",  "c":"CONTROL",  "id":22120,   "ctx":"initandlisten","msg":"Access control is not enabled for the database. Read and write access to data and configuration is unrestricted","tags":["startupWarnings"]}
cloudlab-mongodb-1  | {"t":{"$date":"2023-11-15T22:35:05.109+00:00"},"s":"W",  "c":"CONTROL",  "id":5123300, "ctx":"initandlisten","msg":"vm.max_map_count is too low","attr":{"currentValue":262144,"recommendedMinimum":1677720,"maxConns":838860},"tags":["startupWarnings"]}
cloudlab-mongodb-1  | {"t":{"$date":"2023-11-15T22:35:05.110+00:00"},"s":"I",  "c":"STORAGE",  "id":20320,   "ctx":"initandlisten","msg":"createCollection","attr":{"namespace":"admin.system.version","uuidDisposition":"provided","uuid":{"uuid":{"$uuid":"6626274f-5ae0-4d04-bdee-0a204c76f8c2"}},"options":{"uuid":{"$uuid":"6626274f-5ae0-4d04-bdee-0a204c76f8c2"}}}}
cloudlab-mongodb-1  | {"t":{"$date":"2023-11-15T22:35:05.120+00:00"},"s":"I",  "c":"INDEX",    "id":20345,   "ctx":"initandlisten","msg":"Index build: done building","attr":{"buildUUID":null,"collectionUUID":{"uuid":{"$uuid":"6626274f-5ae0-4d04-bdee-0a204c76f8c2"}},"namespace":"admin.system.version","index":"_id_","ident":"index-1-8042375157622075606","collectionIdent":"collection-0-8042375157622075606","commitTimestamp":null}}
cloudlab-mongodb-1  | {"t":{"$date":"2023-11-15T22:35:05.120+00:00"},"s":"I",  "c":"REPL",     "id":20459,   "ctx":"initandlisten","msg":"Setting featureCompatibilityVersion","attr":{"newVersion":"6.0"}}
cloudlab-mongodb-1  | {"t":{"$date":"2023-11-15T22:35:05.120+00:00"},"s":"I",  "c":"REPL",     "id":5853300, "ctx":"initandlisten","msg":"current featureCompatibilityVersion value","attr":{"featureCompatibilityVersion":"6.0","context":"setFCV"}}
cloudlab-mongodb-1  | {"t":{"$date":"2023-11-15T22:35:05.120+00:00"},"s":"I",  "c":"NETWORK",  "id":4915702, "ctx":"initandlisten","msg":"Updated wire specification","attr":{"oldSpec":{"incomingExternalClient":{"minWireVersion":0,"maxWireVersion":17},"incomingInternalClient":{"minWireVersion":0,"maxWireVersion":17},"outgoing":{"minWireVersion":6,"maxWireVersion":17},"isInternalClient":true},"newSpec":{"incomingExternalClient":{"minWireVersion":0,"maxWireVersion":17},"incomingInternalClient":{"minWireVersion":17,"maxWireVersion":17},"outgoing":{"minWireVersion":17,"maxWireVersion":17},"isInternalClient":true}}}
cloudlab-mongodb-1  | {"t":{"$date":"2023-11-15T22:35:05.121+00:00"},"s":"I",  "c":"NETWORK",  "id":4915702, "ctx":"initandlisten","msg":"Updated wire specification","attr":{"oldSpec":{"incomingExternalClient":{"minWireVersion":0,"maxWireVersion":17},"incomingInternalClient":{"minWireVersion":17,"maxWireVersion":17},"outgoing":{"minWireVersion":17,"maxWireVersion":17},"isInternalClient":true},"newSpec":{"incomingExternalClient":{"minWireVersion":0,"maxWireVersion":17},"incomingInternalClient":{"minWireVersion":17,"maxWireVersion":17},"outgoing":{"minWireVersion":17,"maxWireVersion":17},"isInternalClient":true}}}
cloudlab-mongodb-1  | {"t":{"$date":"2023-11-15T22:35:05.121+00:00"},"s":"I",  "c":"REPL",     "id":5853300, "ctx":"initandlisten","msg":"current featureCompatibilityVersion value","attr":{"featureCompatibilityVersion":"6.0","context":"startup"}}
cloudlab-mongodb-1  | {"t":{"$date":"2023-11-15T22:35:05.121+00:00"},"s":"I",  "c":"STORAGE",  "id":5071100, "ctx":"initandlisten","msg":"Clearing temp directory"}
cloudlab-mongodb-1  | {"t":{"$date":"2023-11-15T22:35:05.121+00:00"},"s":"I",  "c":"CONTROL",  "id":20536,   "ctx":"initandlisten","msg":"Flow Control is enabled on this deployment"}
cloudlab-mongodb-1  | {"t":{"$date":"2023-11-15T22:35:05.121+00:00"},"s":"I",  "c":"FTDC",     "id":20625,   "ctx":"initandlisten","msg":"Initializing full-time diagnostic data capture","attr":{"dataDirectory":"/data/db/diagnostic.data"}}
cloudlab-mongodb-1  | {"t":{"$date":"2023-11-15T22:35:05.123+00:00"},"s":"I",  "c":"STORAGE",  "id":20320,   "ctx":"initandlisten","msg":"createCollection","attr":{"namespace":"local.startup_log","uuidDisposition":"generated","uuid":{"uuid":{"$uuid":"dab6846e-81af-48f1-a151-0e531c83365b"}},"options":{"capped":true,"size":10485760}}}
cloudlab-mongodb-1  | {"t":{"$date":"2023-11-15T22:35:05.132+00:00"},"s":"I",  "c":"INDEX",    "id":20345,   "ctx":"initandlisten","msg":"Index build: done building","attr":{"buildUUID":null,"collectionUUID":{"uuid":{"$uuid":"dab6846e-81af-48f1-a151-0e531c83365b"}},"namespace":"local.startup_log","index":"_id_","ident":"index-3-8042375157622075606","collectionIdent":"collection-2-8042375157622075606","commitTimestamp":null}}
cloudlab-mongodb-1  | {"t":{"$date":"2023-11-15T22:35:05.132+00:00"},"s":"I",  "c":"REPL",     "id":6015317, "ctx":"initandlisten","msg":"Setting new configuration state","attr":{"newState":"ConfigReplicationDisabled","oldState":"ConfigPreStart"}}
cloudlab-mongodb-1  | {"t":{"$date":"2023-11-15T22:35:05.132+00:00"},"s":"I",  "c":"STORAGE",  "id":22262,   "ctx":"initandlisten","msg":"Timestamp monitor starting"}
cloudlab-mongodb-1  | {"t":{"$date":"2023-11-15T22:35:05.134+00:00"},"s":"I",  "c":"NETWORK",  "id":23015,   "ctx":"listener","msg":"Listening on","attr":{"address":"/tmp/mongodb-27017.sock"}}
cloudlab-mongodb-1  | {"t":{"$date":"2023-11-15T22:35:05.134+00:00"},"s":"I",  "c":"NETWORK",  "id":23015,   "ctx":"listener","msg":"Listening on","attr":{"address":"0.0.0.0"}}
cloudlab-mongodb-1  | {"t":{"$date":"2023-11-15T22:35:05.134+00:00"},"s":"I",  "c":"NETWORK",  "id":23016,   "ctx":"listener","msg":"Waiting for connections","attr":{"port":27017,"ssl":"off"}}
cloudlab-mongodb-1  | {"t":{"$date":"2023-11-15T22:35:05.134+00:00"},"s":"I",  "c":"STORAGE",  "id":20320,   "ctx":"LogicalSessionCacheRefresh","msg":"createCollection","attr":{"namespace":"config.system.sessions","uuidDisposition":"generated","uuid":{"uuid":{"$uuid":"ae80d2db-dca3-4707-8cfa-342b6111e351"}},"options":{}}}
cloudlab-mongodb-1  | {"t":{"$date":"2023-11-15T22:35:05.134+00:00"},"s":"I",  "c":"CONTROL",  "id":20712,   "ctx":"LogicalSessionCacheReap","msg":"Sessions collection is not set up; waiting until next sessions reap interval","attr":{"error":"NamespaceNotFound: config.system.sessions does not exist"}}
cloudlab-mongodb-1  | {"t":{"$date":"2023-11-15T22:35:05.148+00:00"},"s":"I",  "c":"INDEX",    "id":20345,   "ctx":"LogicalSessionCacheRefresh","msg":"Index build: done building","attr":{"buildUUID":null,"collectionUUID":{"uuid":{"$uuid":"ae80d2db-dca3-4707-8cfa-342b6111e351"}},"namespace":"config.system.sessions","index":"_id_","ident":"index-5-8042375157622075606","collectionIdent":"collection-4-8042375157622075606","commitTimestamp":null}}
cloudlab-mongodb-1  | {"t":{"$date":"2023-11-15T22:35:05.148+00:00"},"s":"I",  "c":"INDEX",    "id":20345,   "ctx":"LogicalSessionCacheRefresh","msg":"Index build: done building","attr":{"buildUUID":null,"collectionUUID":{"uuid":{"$uuid":"ae80d2db-dca3-4707-8cfa-342b6111e351"}},"namespace":"config.system.sessions","index":"lsidTTLIndex","ident":"index-6-8042375157622075606","collectionIdent":"collection-4-8042375157622075606","commitTimestamp":null}}
cloudlab-mysql-1    | 2023-11-15T22:35:05.618166Z 6 [Warning] [MY-010453] [Server] root@localhost is created with an empty password ! Please consider switching off the --initialize-insecure option.
cloudlab-mysql-1    | 2023-11-15T22:35:07.945898Z 0 [System] [MY-015018] [Server] MySQL Server Initialization - end.
cloudlab-mysql-1    | 2023-11-15 22:35:07+00:00 [Note] [Entrypoint]: Database files initialized
cloudlab-mysql-1    | 2023-11-15 22:35:07+00:00 [Note] [Entrypoint]: Starting temporary server
cloudlab-mysql-1    | mysqld will log errors to /var/lib/mysql/mysql.err
cloudlab-mysql-1    | mysqld is running as pid 127
cloudlab-mysql-1    | 2023-11-15T22:35:08.452638Z 0 [System] [MY-015016] [Server] MySQL Server - end.
cloudlab-mysql-1    | 2023-11-15 22:35:08+00:00 [Note] [Entrypoint]: Temporary server started.
cloudlab-mysql-1    | '/var/lib/mysql/mysql.sock' -> '/var/run/mysqld/mysqld.sock'
cloudlab-mysql-1    | Warning: Unable to load '/usr/share/zoneinfo/iso3166.tab' as time zone. Skipping it.
cloudlab-mysql-1    | Warning: Unable to load '/usr/share/zoneinfo/leap-seconds.list' as time zone. Skipping it.
cloudlab-mysql-1    | Warning: Unable to load '/usr/share/zoneinfo/leapseconds' as time zone. Skipping it.
cloudlab-mysql-1    | Warning: Unable to load '/usr/share/zoneinfo/tzdata.zi' as time zone. Skipping it.
cloudlab-mysql-1    | Warning: Unable to load '/usr/share/zoneinfo/zone.tab' as time zone. Skipping it.
cloudlab-mysql-1    | Warning: Unable to load '/usr/share/zoneinfo/zone1970.tab' as time zone. Skipping it.
cloudlab-mysql-1    | 
cloudlab-mysql-1    | 2023-11-15 22:35:10+00:00 [Note] [Entrypoint]: Stopping temporary server
cloudlab-mysql-1    | 2023-11-15 22:35:12+00:00 [Note] [Entrypoint]: Temporary server stopped
cloudlab-mysql-1    | 
cloudlab-mysql-1    | 2023-11-15 22:35:12+00:00 [Note] [Entrypoint]: MySQL init process done. Ready for start up.
cloudlab-mysql-1    | 
cloudlab-mysql-1    | 2023-11-15T22:35:12.052563Z 0 [System] [MY-015015] [Server] MySQL Server - start.
cloudlab-mysql-1    | 2023-11-15T22:35:12.226047Z 0 [Warning] [MY-011068] [Server] The syntax '--skip-host-cache' is deprecated and will be removed in a future release. Please use SET GLOBAL host_cache_size=0 instead.
cloudlab-mysql-1    | 2023-11-15T22:35:12.226756Z 0 [System] [MY-010116] [Server] /usr/sbin/mysqld (mysqld 8.2.0) starting as process 1
cloudlab-mysql-1    | 2023-11-15T22:35:12.230861Z 1 [System] [MY-013576] [InnoDB] InnoDB initialization has started.
cloudlab-mysql-1    | 2023-11-15T22:35:12.304234Z 1 [System] [MY-013577] [InnoDB] InnoDB initialization has ended.
cloudlab-mysql-1    | 2023-11-15T22:35:12.394193Z 0 [Warning] [MY-010068] [Server] CA certificate ca.pem is self signed.
cloudlab-mysql-1    | 2023-11-15T22:35:12.394218Z 0 [System] [MY-013602] [Server] Channel mysql_main configured to support TLS. Encrypted connections are now supported for this channel.
cloudlab-mysql-1    | 2023-11-15T22:35:12.395556Z 0 [Warning] [MY-011810] [Server] Insecure configuration for --pid-file: Location '/var/run/mysqld' in the path is accessible to all OS users. Consider choosing a different directory.
cloudlab-mysql-1    | 2023-11-15T22:35:12.403964Z 0 [System] [MY-011323] [Server] X Plugin ready for connections. Bind-address: '::' port: 33060, socket: /var/run/mysqld/mysqlx.sock
cloudlab-mysql-1    | 2023-11-15T22:35:12.403972Z 0 [System] [MY-010931] [Server] /usr/sbin/mysqld: ready for connections. Version: '8.2.0'  socket: '/var/run/mysqld/mysqld.sock'  port: 3306  MySQL Community Server - GPL.
cloudlab-mongodb-1  | {"t":{"$date":"2023-11-15T22:36:56.008+00:00"},"s":"F",  "c":"CONTROL",  "id":6384300, "ctx":"ftdc","msg":"Writing fatal message","attr":{"message":"terminate() called. An exception is active; attempting to gather more information\n"}}
cloudlab-mongodb-1  | {"t":{"$date":"2023-11-15T22:36:56.009+00:00"},"s":"F",  "c":"CONTROL",  "id":6384300, "ctx":"ftdc","msg":"Writing fatal message","attr":{"message":"DBException::toString(): FileStreamFailed: Failed to write to interim file buffer for full-time diagnostic data capture: /data/db/diagnostic.data/metrics.interim.temp\nActual exception type: mongo::error_details::ExceptionForImpl<(mongo::ErrorCodes::Error)39, mongo::AssertionException>\n\n"}}
cloudlab-mongodb-1  | {"t":{"$date":"2023-11-15T22:36:56.095+00:00"},"s":"I",  "c":"CONTROL",  "id":31380,   "ctx":"ftdc","msg":"BACKTRACE","attr":{"bt":{"backtrace":[{"a":"AAAAB46EEF04","b":"AAAAAFFB0000","o":"473EF04","s":"_ZN5mongo18stack_trace_detail12_GLOBAL__N_117getStackTraceImplERKNS1_7OptionsE.constprop.205","C":"mongo::stack_trace_detail::(anonymous namespace)::getStackTraceImpl(mongo::stack_trace_detail::(anonymous namespace)::Options const&) [clone .constprop.205]","s+":"19C"},{"a":"AAAAB46F0F98","b":"AAAAAFFB0000","o":"4740F98","s":"_ZN5mongo15printStackTraceEv","C":"mongo::printStackTrace()","s+":"48"},{"a":"AAAAB46EB728","b":"AAAAAFFB0000","o":"473B728","s":"_ZN5mongo12_GLOBAL__N_111myTerminateEv","C":"mongo::(anonymous namespace)::myTerminate()","s+":"D0"},{"a":"AAAAB485350C","b":"AAAAAFFB0000","o":"48A350C","s":"_ZN10__cxxabiv111__terminateEPFvvE","C":"__cxxabiv1::__terminate(void (*)())","s+":"14"},{"a":"AAAAB48F44E4","b":"AAAAAFFB0000","o":"49444E4","s":"__cxa_call_terminate","s+":"50"},{"a":"AAAAB4852C2C","b":"AAAAAFFB0000","o":"48A2C2C","s":"__gxx_personality_v0","s+":"558"},{"a":"FFFF85A579FC","b":"FFFF85A4A000","o":"D9FC","s":"_Unwind_GetTextRelBase","s+":"1BD4"},{"a":"FFFF85A57DE4","b":"FFFF85A4A000","o":"DDE4","s":"_Unwind_RaiseException","s+":"14C"},{"a":"AAAAB48538DC","b":"AAAAAFFB0000","o":"48A38DC","s":"__cxa_throw","s+":"68"},{"a":"AAAAB19B6B7C","b":"AAAAAFFB0000","o":"1A06B7C","s":"_ZN5mongo13error_details23throwExceptionForStatusERKNS_6StatusE","C":"mongo::error_details::throwExceptionForStatus(mongo::Status const&)","s+":"1CC0"},{"a":"AAAAB19C1E18","b":"AAAAAFFB0000","o":"1A11E18","s":"_ZN5mongo21uassertedWithLocationERKNS_6StatusEPKcj","C":"mongo::uassertedWithLocation(mongo::Status const&, char const*, unsigned int)","s+":"2B8"},{"a":"AAAAB1E78A6C","b":"AAAAAFFB0000","o":"1EC8A6C","s":"_ZN5mongo14FTDCController6doLoopEv","C":"mongo::FTDCController::doLoop()","s+":"6C4"},{"a":"AAAAB1E78AD4","b":"AAAAAFFB0000","o":"1EC8AD4","s":"_ZNSt6thread11_State_implINS_8_InvokerISt5tupleIJZN5mongo4stdx6threadC4IZNS3_14FTDCController5startEvEUlvE0_JELi0EEET_DpOT0_EUlvE_EEEEE6_M_runEv","C":"std::thread::_State_impl<std::thread::_Invoker<std::tuple<mongo::stdx::thread::thread<mongo::FTDCController::start()::{lambda()#2}, , 0>(mongo::FTDCController::start()::{lambda()#2})::{lambda()#1}> > >::_M_run()","s+":"54"},{"a":"AAAAB4879208","b":"AAAAAFFB0000","o":"48C9208","s":"execute_native_thread_routine","s+":"3C"},{"a":"FFFF85A1C8B8","b":"FFFF85A15000","o":"78B8","s":"start_thread","s+":"188"},{"a":"FFFF858C2AFC","b":"FFFF8589F000","o":"23AFC","s":"thread_start","s+":"C"}],"processInfo":{"mongodbVersion":"6.0.11","gitVersion":"f797f841eaf1759c770271ae00c88b92b2766eed","compiledModules":[],"uname":{"sysname":"Linux","release":"5.10.76-linuxkit","version":"#1 SMP PREEMPT Mon Nov 8 11:22:26 UTC 2021","machine":"aarch64"},"somap":[{"b":"AAAAAFFB0000","elfType":3,"buildId":"468A388CE383EFC0BC56D4E9332C1E81FA73324F"},{"b":"FFFF85A4A000","path":"/lib64/libgcc_s.so.1","elfType":3,"buildId":"1840E6F4E273F9CC8DE3ED273D2DD5180B1B13C2"},{"b":"FFFF85A15000","path":"/lib64/libpthread.so.0","elfType":3,"buildId":"F689012BD694FCB6E31C583329C886C52A1F97DA"},{"b":"FFFF8589F000","path":"/lib64/libc.so.6","elfType":3,"buildId":"CF2D852A53CA2A463DC5B7817C3D6A780849F8EC"}]}}},"tags":[]}
cloudlab-mongodb-1  | {"t":{"$date":"2023-11-15T22:36:56.095+00:00"},"s":"I",  "c":"CONTROL",  "id":31445,   "ctx":"ftdc","msg":"Frame","attr":{"frame":{"a":"AAAAB46EEF04","b":"AAAAAFFB0000","o":"473EF04","s":"_ZN5mongo18stack_trace_detail12_GLOBAL__N_117getStackTraceImplERKNS1_7OptionsE.constprop.205","C":"mongo::stack_trace_detail::(anonymous namespace)::getStackTraceImpl(mongo::stack_trace_detail::(anonymous namespace)::Options const&) [clone .constprop.205]","s+":"19C"}}}
cloudlab-mongodb-1  | {"t":{"$date":"2023-11-15T22:36:56.095+00:00"},"s":"I",  "c":"CONTROL",  "id":31445,   "ctx":"ftdc","msg":"Frame","attr":{"frame":{"a":"AAAAB46F0F98","b":"AAAAAFFB0000","o":"4740F98","s":"_ZN5mongo15printStackTraceEv","C":"mongo::printStackTrace()","s+":"48"}}}
cloudlab-mongodb-1  | {"t":{"$date":"2023-11-15T22:36:56.095+00:00"},"s":"I",  "c":"CONTROL",  "id":31445,   "ctx":"ftdc","msg":"Frame","attr":{"frame":{"a":"AAAAB46EB728","b":"AAAAAFFB0000","o":"473B728","s":"_ZN5mongo12_GLOBAL__N_111myTerminateEv","C":"mongo::(anonymous namespace)::myTerminate()","s+":"D0"}}}
cloudlab-mongodb-1  | {"t":{"$date":"2023-11-15T22:36:56.095+00:00"},"s":"I",  "c":"CONTROL",  "id":31445,   "ctx":"ftdc","msg":"Frame","attr":{"frame":{"a":"AAAAB485350C","b":"AAAAAFFB0000","o":"48A350C","s":"_ZN10__cxxabiv111__terminateEPFvvE","C":"__cxxabiv1::__terminate(void (*)())","s+":"14"}}}
cloudlab-mongodb-1  | {"t":{"$date":"2023-11-15T22:36:56.095+00:00"},"s":"I",  "c":"CONTROL",  "id":31445,   "ctx":"ftdc","msg":"Frame","attr":{"frame":{"a":"AAAAB48F44E4","b":"AAAAAFFB0000","o":"49444E4","s":"__cxa_call_terminate","s+":"50"}}}
cloudlab-mongodb-1  | {"t":{"$date":"2023-11-15T22:36:56.095+00:00"},"s":"I",  "c":"CONTROL",  "id":31445,   "ctx":"ftdc","msg":"Frame","attr":{"frame":{"a":"AAAAB4852C2C","b":"AAAAAFFB0000","o":"48A2C2C","s":"__gxx_personality_v0","s+":"558"}}}
cloudlab-mongodb-1  | {"t":{"$date":"2023-11-15T22:36:56.095+00:00"},"s":"I",  "c":"CONTROL",  "id":31445,   "ctx":"ftdc","msg":"Frame","attr":{"frame":{"a":"FFFF85A579FC","b":"FFFF85A4A000","o":"D9FC","s":"_Unwind_GetTextRelBase","s+":"1BD4"}}}
cloudlab-mongodb-1  | {"t":{"$date":"2023-11-15T22:36:56.095+00:00"},"s":"I",  "c":"CONTROL",  "id":31445,   "ctx":"ftdc","msg":"Frame","attr":{"frame":{"a":"FFFF85A57DE4","b":"FFFF85A4A000","o":"DDE4","s":"_Unwind_RaiseException","s+":"14C"}}}
cloudlab-mongodb-1  | {"t":{"$date":"2023-11-15T22:36:56.095+00:00"},"s":"I",  "c":"CONTROL",  "id":31445,   "ctx":"ftdc","msg":"Frame","attr":{"frame":{"a":"AAAAB48538DC","b":"AAAAAFFB0000","o":"48A38DC","s":"__cxa_throw","s+":"68"}}}
cloudlab-mongodb-1  | {"t":{"$date":"2023-11-15T22:36:56.095+00:00"},"s":"I",  "c":"CONTROL",  "id":31445,   "ctx":"ftdc","msg":"Frame","attr":{"frame":{"a":"AAAAB19B6B7C","b":"AAAAAFFB0000","o":"1A06B7C","s":"_ZN5mongo13error_details23throwExceptionForStatusERKNS_6StatusE","C":"mongo::error_details::throwExceptionForStatus(mongo::Status const&)","s+":"1CC0"}}}
cloudlab-mongodb-1  | {"t":{"$date":"2023-11-15T22:36:56.095+00:00"},"s":"I",  "c":"CONTROL",  "id":31445,   "ctx":"ftdc","msg":"Frame","attr":{"frame":{"a":"AAAAB19C1E18","b":"AAAAAFFB0000","o":"1A11E18","s":"_ZN5mongo21uassertedWithLocationERKNS_6StatusEPKcj","C":"mongo::uassertedWithLocation(mongo::Status const&, char const*, unsigned int)","s+":"2B8"}}}
cloudlab-mongodb-1  | {"t":{"$date":"2023-11-15T22:36:56.095+00:00"},"s":"I",  "c":"CONTROL",  "id":31445,   "ctx":"ftdc","msg":"Frame","attr":{"frame":{"a":"AAAAB1E78A6C","b":"AAAAAFFB0000","o":"1EC8A6C","s":"_ZN5mongo14FTDCController6doLoopEv","C":"mongo::FTDCController::doLoop()","s+":"6C4"}}}
cloudlab-mongodb-1  | {"t":{"$date":"2023-11-15T22:36:56.095+00:00"},"s":"I",  "c":"CONTROL",  "id":31445,   "ctx":"ftdc","msg":"Frame","attr":{"frame":{"a":"AAAAB1E78AD4","b":"AAAAAFFB0000","o":"1EC8AD4","s":"_ZNSt6thread11_State_implINS_8_InvokerISt5tupleIJZN5mongo4stdx6threadC4IZNS3_14FTDCController5startEvEUlvE0_JELi0EEET_DpOT0_EUlvE_EEEEE6_M_runEv","C":"std::thread::_State_impl<std::thread::_Invoker<std::tuple<mongo::stdx::thread::thread<mongo::FTDCController::start()::{lambda()#2}, , 0>(mongo::FTDCController::start()::{lambda()#2})::{lambda()#1}> > >::_M_run()","s+":"54"}}}
cloudlab-mongodb-1  | {"t":{"$date":"2023-11-15T22:36:56.095+00:00"},"s":"I",  "c":"CONTROL",  "id":31445,   "ctx":"ftdc","msg":"Frame","attr":{"frame":{"a":"AAAAB4879208","b":"AAAAAFFB0000","o":"48C9208","s":"execute_native_thread_routine","s+":"3C"}}}
cloudlab-mongodb-1  | {"t":{"$date":"2023-11-15T22:36:56.095+00:00"},"s":"I",  "c":"CONTROL",  "id":31445,   "ctx":"ftdc","msg":"Frame","attr":{"frame":{"a":"FFFF85A1C8B8","b":"FFFF85A15000","o":"78B8","s":"start_thread","s+":"188"}}}
cloudlab-mongodb-1  | {"t":{"$date":"2023-11-15T22:36:56.095+00:00"},"s":"I",  "c":"CONTROL",  "id":31445,   "ctx":"ftdc","msg":"Frame","attr":{"frame":{"a":"FFFF858C2AFC","b":"FFFF8589F000","o":"23AFC","s":"thread_start","s+":"C"}}}
cloudlab-mongodb-1  | Traceback (most recent call last):
cloudlab-mongodb-1  |   File "/usr/local/bin/docker-entrypoint.py", line 637, in <module>
cloudlab-mongodb-1  |     subprocess.run(get_final_command_line_args(), check=True)
cloudlab-mongodb-1  |   File "/usr/lib64/python3.9/subprocess.py", line 528, in run
cloudlab-mongodb-1  |     raise CalledProcessError(retcode, process.args,
cloudlab-mongodb-1  | subprocess.CalledProcessError: Command '['mongod', '--bind_ip_all']' died with <Signals.SIGABRT: 6>.
cloudlab-mongodb-1 exited with code 1
cloudlab-mysql-1    | 2023-11-15T22:45:47.592860Z 0 [System] [MY-013172] [Server] Received SHUTDOWN from user <via user signal>. Shutting down mysqld (Version: 8.2.0).
cloudlab-redis-1    | 1:signal-handler (1700088347) Received SIGTERM scheduling shutdown...
cloudlab-redis-1    | 1:M 15 Nov 2023 22:45:47.620 * User requested shutdown...
cloudlab-redis-1    | 1:M 15 Nov 2023 22:45:47.620 * Saving the final RDB snapshot before exiting.
cloudlab-redis-1    | 1:M 15 Nov 2023 22:45:47.622 # Write error while saving DB to the disk(fflush): No space left on device
cloudlab-redis-1    | 1:M 15 Nov 2023 22:45:47.622 # Error trying to save the DB, can't exit.
cloudlab-redis-1    | 1:M 15 Nov 2023 22:45:47.622 # Errors trying to shut down the server. Check the logs for more information.
cloudlab-mysql-1    | 2023-11-15T22:45:48.548089Z 0 [ERROR] [MY-011945] [InnoDB] Cannot write to '/var/lib/mysql/ib_buffer_pool.incomplete': No space left on device
cloudlab-mysql-1    | 2023-11-15T22:45:49.189240Z 0 [System] [MY-010910] [Server] /usr/sbin/mysqld: Shutdown complete (mysqld 8.2.0)  MySQL Community Server - GPL.
cloudlab-mysql-1    | 2023-11-15T22:45:49.202033Z 0 [System] [MY-015016] [Server] MySQL Server - end.
cloudlab-mysql-1 exited with code 0
cloudlab-redis-1 exited with code 137
cloudlab-client-1 exited with code 137
